<?xml version="1.0" encoding="UTF-8"?>
<testng-results skipped="0" failed="0" total="1" passed="1">
  <reporter-output>
  </reporter-output>
  <suite name="Default suite" duration-ms="21672" started-at="2015-03-23T07:02:17Z" finished-at="2015-03-23T07:02:39Z">
    <groups>
    </groups>
    <test name="Default test" duration-ms="21672" started-at="2015-03-23T07:02:17Z" finished-at="2015-03-23T07:02:39Z">
      <class name="com.whatsapp.WhatsappRegression">
        <test-method status="PASS" signature="testApp()[pri:0, instance:com.whatsapp.WhatsappRegression@a6d14e]" name="testApp" duration-ms="21646" started-at="2015-03-23T13:02:17Z" finished-at="2015-03-23T13:02:39Z">
          <reporter-output>
          </reporter-output>
        </test-method> <!-- testApp -->
      </class> <!-- com.whatsapp.WhatsappRegression -->
    </test> <!-- Default test -->
  </suite> <!-- Default suite -->
</testng-results>
